# 2025-12-22T01:50:19+08:00
# Input: /mnt/d/proj/spice_netlist_parser/examples/10k.sp
# JSON output: /mnt/d/proj/spice_netlist_parser/examples//10k.json
# Compare output: /mnt/d/proj/spice_netlist_parser/examples//10k.json
# Extra args: --help
# Command (parse): /mnt/d/proj/spice_netlist_parser/netlist_parser.sh "/mnt/d/proj/spice_netlist_parser/examples/10k.sp" --format json --output "/mnt/d/proj/spice_netlist_parser/examples//10k.json" --help
------------------------------------------------------------
[0;34mSPICE Netlist Parser[0m
====================

Note: Not in a virtual environment. Consider using one.

Usage: /mnt/d/proj/spice_netlist_parser/netlist_parser.sh <netlist_file> [options]

Parser options (passed through to CLI):
  -f, --format <format>       Output format: text, json, summary (default: text)
  -o, --output <file>         Output file path
  --ast                       Show AST structure
  -v, --verbose               Verbose output

Quality / accuracy options:
  --roundtrip                 Run parse -> serialize -> parse validation on the input file
  --roundtrip-only            Only run round-trip validation (do not print parsed output)
  --roundtrip-output <file>   Write the serialized SPICE produced by round-trip to a file
  --compare <file2>           Compare <netlist_file> against <file2> (semantic model diff)
  --compare-format <format>   Compare output format: text, json (default: text)
  --compare-output <file>     Write compare report to a file (default: stdout)

Examples:
  /mnt/d/proj/spice_netlist_parser/netlist_parser.sh examples/1k.sp
  /mnt/d/proj/spice_netlist_parser/netlist_parser.sh examples/1k.sp --format json --output result.json
  /mnt/d/proj/spice_netlist_parser/netlist_parser.sh examples/1k.sp --roundtrip
  /mnt/d/proj/spice_netlist_parser/netlist_parser.sh examples/1k.sp --roundtrip --roundtrip-output rt.sp
  /mnt/d/proj/spice_netlist_parser/netlist_parser.sh examples/1k.sp --compare examples/10k.sp
  /mnt/d/proj/spice_netlist_parser/netlist_parser.sh examples/1k.sp --compare examples/10k.sp --compare-format json --compare-output report.json

# Command (compare): /mnt/d/proj/spice_netlist_parser/netlist_parser.sh "/mnt/d/proj/spice_netlist_parser/examples/10k.sp" --compare "/mnt/d/proj/spice_netlist_parser/examples/10k.sp" --compare-format json --compare-output "/mnt/d/proj/spice_netlist_parser/examples//10k.json" --help
------------------------------------------------------------
[0;34mSPICE Netlist Parser[0m
====================

Note: Not in a virtual environment. Consider using one.

Usage: /mnt/d/proj/spice_netlist_parser/netlist_parser.sh <netlist_file> [options]

Parser options (passed through to CLI):
  -f, --format <format>       Output format: text, json, summary (default: text)
  -o, --output <file>         Output file path
  --ast                       Show AST structure
  -v, --verbose               Verbose output

Quality / accuracy options:
  --roundtrip                 Run parse -> serialize -> parse validation on the input file
  --roundtrip-only            Only run round-trip validation (do not print parsed output)
  --roundtrip-output <file>   Write the serialized SPICE produced by round-trip to a file
  --compare <file2>           Compare <netlist_file> against <file2> (semantic model diff)
  --compare-format <format>   Compare output format: text, json (default: text)
  --compare-output <file>     Write compare report to a file (default: stdout)

Examples:
  /mnt/d/proj/spice_netlist_parser/netlist_parser.sh examples/1k.sp
  /mnt/d/proj/spice_netlist_parser/netlist_parser.sh examples/1k.sp --format json --output result.json
  /mnt/d/proj/spice_netlist_parser/netlist_parser.sh examples/1k.sp --roundtrip
  /mnt/d/proj/spice_netlist_parser/netlist_parser.sh examples/1k.sp --roundtrip --roundtrip-output rt.sp
  /mnt/d/proj/spice_netlist_parser/netlist_parser.sh examples/1k.sp --compare examples/10k.sp
  /mnt/d/proj/spice_netlist_parser/netlist_parser.sh examples/1k.sp --compare examples/10k.sp --compare-format json --compare-output report.json
