# 2025-12-22T01:39:58+08:00
# Input: /mnt/d/proj/spice_netlist_parser/examples/1k.sp
# JSON output: /mnt/d/proj/spice_netlist_parser/examples//1k.json
# Compare output: /mnt/d/proj/spice_netlist_parser/examples//1k.json
# Command (parse): /mnt/d/proj/spice_netlist_parser/netlist_parser.sh "/mnt/d/proj/spice_netlist_parser/examples/1k.sp" --format json --output "/mnt/d/proj/spice_netlist_parser/examples//1k.json"
------------------------------------------------------------
[0;34mSPICE Netlist Parser[0m
====================

Note: Not in a virtual environment. Consider using one.

[0;32mRunning parser...[0m

2025-12-22 01:39:58,917 - spice_netlist_parser.parser - INFO - Parsing file: /mnt/d/proj/spice_netlist_parser/examples/1k.sp
2025-12-22 01:39:59,030 - spice_netlist_parser.parser - INFO - Successfully parsed 1000 components, 0 models
Successfully parsed: /mnt/d/proj/spice_netlist_parser/examples/1k.sp
Title: Untitled
Components: 1000
Models: 0
Nodes: 4

Title: Untitled
Components: 1000
Nodes: 4
Models: 0

Components:
  V1a: V
    Nodes: 0 1
    Parameters: value=SIN(0 8.6 8793)

  R1b: R
    Nodes: 0 1
    Parameters: value=25k

  NMOS: R
    Nodes: 3 2 0 1

  PMOS: R
    Nodes: 3 2 1 0

  NMOS: R
    Nodes: 2 1 3 0

  NMOS: R
    Nodes: 3 0 2 1

  PMOS: R
    Nodes: 3 1 0 2

  C1h: C
    Nodes: 3 2
    Parameters: value=5.0u

  R1i: R
    Nodes: 0 3
    Parameters: value=72k

  C1j: C
    Nodes: 1 2
    Parameters: value=4.8u

  PMOS: R
    Nodes: 0 3 2 1

  PMOS: R
    Nodes: 1 0 2 3

  NMOS: R
    Nodes: 0 2 3 1

  PMOS: R
    Nodes: 0 1 3 2

  C1o: C
    Nodes: 0 1
    Parameters: value=7.1m

  R1p: R
    Nodes: 0 3
    Parameters: value=423.0

  R1q: R
    Nodes: 0 3
    Parameters: value=8.2M

  C1r: C
    Nodes: 3 2
    Parameters: value=6.7m

  NMOS: R
    Nodes: 0 3 2 1

  PMOS: R
    Nodes: 2 0 3 1

  NMOS: R
    Nodes: 2 3 0 1

  PMOS: R
    Nodes: 1 0 3 2

  R1w: R
    Nodes: 3 1
    Parameters: value=87k

  PMOS: R
    Nodes: 3 0 1 2

  NMOS: R
    Nodes: 1 0 3 2

  NMOS: R
    Nodes: 2 1 3 0

  C2a: C
    Nodes: 1 2
    Parameters: value=6.9u

  C2b: C
    Nodes: 0 3
    Parameters: value=55p

  C2c: C
    Nodes: 3 2
    Parameters: value=2.7u

  C2d: C
    Nodes: 1 3
    Parameters: value=7.9u

  R2e: R
    Nodes: 3 1
    Parameters: value=749.0

  C2f: C
    Nodes: 3 1
    Parameters: value=2n

  R2g: R
    Nodes: 0 1
    Parameters: value=669.0

  R2h: R
    Nodes: 3 2
    Parameters: value=82k

  NMOS: R
    Nodes: 2 3 0 1

  PMOS: R
    Nodes: 2 0 3 1

  C2k: C
    Nodes: 1 0
    Parameters: value=0.4m

  C2l: C
    Nodes: 2 1
    Parameters: value=14n

  C2m: C
    Nodes: 1 0
    Parameters: value=3.8m

  PMOS: R
    Nodes: 0 1 2 3

  NMOS: R
    Nodes: 3 0 1 2

  R2p: R
    Nodes: 0 3
    Parameters: value=2.0M

  PMOS: R
    Nodes: 0 1 2 3

  R2r: R
    Nodes: 0 3
    Parameters: value=2.9M

  C2s: C
    Nodes: 2 3
    Parameters: value=1.9m

  C2t: C
    Nodes: 3 2
    Parameters: value=70p

  NMOS: R
    Nodes: 2 3 0 1

  R2v: R
    Nodes: 2 3
    Parameters: value=7.1M

  C2w: C
    Nodes: 1 3
    Parameters: value=92n

  NMOS: R
    Nodes: 0 2 1 3

  NMOS: R
    Nodes: 0 2 1 3

  NMOS: R
    Nodes: 3 2 0 1

  PMOS: R
    Nodes: 1 0 3 2

  R3b: R
    Nodes: 2 0
    Parameters: value=3.4M

  C3c: C
    Nodes: 2 1
    Parameters: value=6.9u

  R3d: R
    Nodes: 2 1
    Parameters: value=103.0

  PMOS: R
    Nodes: 0 1 3 2

  C3f: C
    Nodes: 1 2
    Parameters: value=6.0u

  PMOS: R
    Nodes: 2 3 1 0

  R3h: R
    Nodes: 1 2
    Parameters: value=1.8M

  R3i: R
    Nodes: 0 3
    Parameters: value=343.0

  R3j: R
    Nodes: 0 1
    Parameters: value=375.0

  NMOS: R
    Nodes: 3 0 2 1

  NMOS: R
    Nodes: 2 1 0 3

  PMOS: R
    Nodes: 2 3 0 1

  R3n: R
    Nodes: 2 1
    Parameters: value=24.0

  C3o: C
    Nodes: 3 0
    Parameters: value=43n

  C3p: C
    Nodes: 3 1
    Parameters: value=9.6m

  PMOS: R
    Nodes: 1 3 2 0

  R3r: R
    Nodes: 3 2
    Parameters: value=58k

  C3s: C
    Nodes: 1 0
    Parameters: value=7.2u

  R3t: R
    Nodes: 0 1
    Parameters: value=384.0

  R3u: R
    Nodes: 3 2
    Parameters: value=7.3M

  C3v: C
    Nodes: 1 3
    Parameters: value=5.8u

  R3w: R
    Nodes: 3 2
    Parameters: value=304.0

  PMOS: R
    Nodes: 2 3 0 1

  PMOS: R
    Nodes: 3 0 1 2

  NMOS: R
    Nodes: 2 1 3 0

  NMOS: R
    Nodes: 3 1 0 2

  R4b: R
    Nodes: 2 0
    Parameters: value=8.6M

  C4c: C
    Nodes: 1 0
    Parameters: value=28p

  C4d: C
    Nodes: 2 0
    Parameters: value=83n

  C4e: C
    Nodes: 2 1
    Parameters: value=41n

  NMOS: R
    Nodes: 1 3 2 0

  NMOS: R
    Nodes: 2 3 0 1

  PMOS: R
    Nodes: 3 2 0 1

  NMOS: R
    Nodes: 3 2 0 1

  R4j: R
    Nodes: 0 3
    Parameters: value=14k

  C4k: C
    Nodes: 1 0
    Parameters: value=1.4u

  R4l: R
    Nodes: 2 0
    Parameters: value=339.0

  R4m: R
    Nodes: 3 1
    Parameters: value=76.0

  NMOS: R
    Nodes: 1 2 0 3

  NMOS: R
    Nodes: 3 2 1 0

  C4p: C
    Nodes: 1 0
    Parameters: value=2.0m

  PMOS: R
    Nodes: 1 2 3 0

  C4r: C
    Nodes: 0 2
    Parameters: value=8n

  R4s: R
    Nodes: 2 1
    Parameters: value=394.0

  PMOS: R
    Nodes: 0 3 2 1

  NMOS: R
    Nodes: 3 0 1 2

  PMOS: R
    Nodes: 2 1 0 3

  R4w: R
    Nodes: 0 2
    Parameters: value=2.1M

  C4x: C
    Nodes: 3 2
    Parameters: value=776p

  C4y: C
    Nodes: 3 0
    Parameters: value=372p

  C4z: C
    Nodes: 2 3
    Parameters: value=5.2m

  NMOS: R
    Nodes: 2 0 1 3

  NMOS: R
    Nodes: 2 1 0 3

  C5c: C
    Nodes: 2 0
    Parameters: value=3.3m

  R5d: R
    Nodes: 3 2
    Parameters: value=3.3M

  R5e: R
    Nodes: 2 0
    Parameters: value=976.0

  R5f: R
    Nodes: 2 1
    Parameters: value=86.0

  C5g: C
    Nodes: 3 2
    Parameters: value=980p

  R5h: R
    Nodes: 3 1
    Parameters: value=81k

  R5i: R
    Nodes: 2 0
    Parameters: value=9k

  C5j: C
    Nodes: 2 1
    Parameters: value=9.7m

  PMOS: R
    Nodes: 1 2 3 0

  C5l: C
    Nodes: 2 0
    Parameters: value=1.2u

  R5m: R
    Nodes: 3 1
    Parameters: value=1.3M

  PMOS: R
    Nodes: 1 3 2 0

  C5o: C
    Nodes: 2 0
    Parameters: value=88n

  PMOS: R
    Nodes: 1 0 3 2

  R5q: R
    Nodes: 0 3
    Parameters: value=150.0

  R5r: R
    Nodes: 2 1
    Parameters: value=157.0

  R5s: R
    Nodes: 3 1
    Parameters: value=627.0

  R5t: R
    Nodes: 0 1
    Parameters: value=966.0

  R5u: R
    Nodes: 1 0
    Parameters: value=449.0

  C5v: C
    Nodes: 1 0
    Parameters: value=8.3m

  PMOS: R
    Nodes: 2 1 0 3

  C5x: C
    Nodes: 1 3
    Parameters: value=1.9m

  PMOS: R
    Nodes: 0 1 2 3

  C5z: C
    Nodes: 3 2
    Parameters: value=1.7m

  NMOS: R
    Nodes: 0 2 1 3

  C6b: C
    Nodes: 0 1
    Parameters: value=8.8m

  R6c: R
    Nodes: 0 2
    Parameters: value=69k

  R6d: R
    Nodes: 1 3
    Parameters: value=841.0

  PMOS: R
    Nodes: 0 1 3 2

  NMOS: R
    Nodes: 2 3 0 1

  C6g: C
    Nodes: 0 1
    Parameters: value=436p

  R6h: R
    Nodes: 2 0
    Parameters: value=0.2M

  NMOS: R
    Nodes: 1 2 0 3

  R6j: R
    Nodes: 3 1
    Parameters: value=8.8M

  R6k: R
    Nodes: 3 1
    Parameters: value=880.0

  R6l: R
    Nodes: 2 3
    Parameters: value=7.6M

  C6m: C
    Nodes: 2 3
    Parameters: value=3.1m

  R6n: R
    Nodes: 2 1
    Parameters: value=41k

  C6o: C
    Nodes: 3 1
    Parameters: value=52p

  R6p: R
    Nodes: 0 3
    Parameters: value=73k

  PMOS: R
    Nodes: 2 0 1 3

  PMOS: R
    Nodes: 3 2 0 1

  R6s: R
    Nodes: 2 0
    Parameters: value=3.7M

  R6t: R
    Nodes: 2 1
    Parameters: value=4.1M

  C6u: C
    Nodes: 1 3
    Parameters: value=3.3u

  PMOS: R
    Nodes: 2 0 1 3

  C6w: C
    Nodes: 3 1
    Parameters: value=6.2u

  PMOS: R
    Nodes: 0 3 2 1

  C6y: C
    Nodes: 0 3
    Parameters: value=300p

  PMOS: R
    Nodes: 2 3 0 1

  R7a: R
    Nodes: 0 1
    Parameters: value=790.0

  R7b: R
    Nodes: 0 3
    Parameters: value=5.1M

  PMOS: R
    Nodes: 0 1 2 3

  C7d: C
    Nodes: 1 2
    Parameters: value=859p

  R7e: R
    Nodes: 0 3
    Parameters: value=77k

  R7f: R
    Nodes: 1 0
    Parameters: value=141.0

  PMOS: R
    Nodes: 1 0 2 3

  C7h: C
    Nodes: 1 0
    Parameters: value=645p

  C7i: C
    Nodes: 3 1
    Parameters: value=4n

  NMOS: R
    Nodes: 0 1 2 3

  R7k: R
    Nodes: 2 0
    Parameters: value=737.0

  C7l: C
    Nodes: 2 1
    Parameters: value=73p

  PMOS: R
    Nodes: 2 1 0 3

  R7n: R
    Nodes: 3 0
    Parameters: value=25k

  PMOS: R
    Nodes: 0 2 3 1

  NMOS: R
    Nodes: 1 0 2 3

  R7q: R
    Nodes: 2 1
    Parameters: value=7.0M

  C7r: C
    Nodes: 1 2
    Parameters: value=16p

  C7s: C
    Nodes: 3 1
    Parameters: value=6.8u

  NMOS: R
    Nodes: 2 1 3 0

  C7u: C
    Nodes: 2 1
    Parameters: value=79n

  C7v: C
    Nodes: 1 0
    Parameters: value=153p

  C7w: C
    Nodes: 0 2
    Parameters: value=699p

  C7x: C
    Nodes: 2 1
    Parameters: value=943p

  R7y: R
    Nodes: 1 3
    Parameters: value=719.0

  C7z: C
    Nodes: 0 1
    Parameters: value=4.6u

  R8a: R
    Nodes: 1 2
    Parameters: value=4.6M

  C8b: C
    Nodes: 1 2
    Parameters: value=5.7m

  C8c: C
    Nodes: 1 2
    Parameters: value=3.6m

  R8d: R
    Nodes: 2 3
    Parameters: value=738.0

  PMOS: R
    Nodes: 0 2 1 3

  R8f: R
    Nodes: 1 0
    Parameters: value=11.0

  C8g: C
    Nodes: 3 2
    Parameters: value=6.7u

  C8h: C
    Nodes: 1 0
    Parameters: value=74n

  C8i: C
    Nodes: 1 2
    Parameters: value=1.6u

  R8j: R
    Nodes: 3 2
    Parameters: value=545.0

  C8k: C
    Nodes: 0 3
    Parameters: value=6.4m

  PMOS: R
    Nodes: 1 3 0 2

  R8m: R
    Nodes: 0 3
    Parameters: value=10k

  C8n: C
    Nodes: 2 3
    Parameters: value=703p

  PMOS: R
    Nodes: 3 2 1 0

  PMOS: R
    Nodes: 1 3 0 2

  C8q: C
    Nodes: 0 1
    Parameters: value=81n

  R8r: R
    Nodes: 1 0
    Parameters: value=829.0

  R8s: R
    Nodes: 0 2
    Parameters: value=950.0

  R8t: R
    Nodes: 2 0
    Parameters: value=75k

  R8u: R
    Nodes: 1 0
    Parameters: value=6.5M

  C8v: C
    Nodes: 2 1
    Parameters: value=307p

  C8w: C
    Nodes: 3 2
    Parameters: value=191p

  PMOS: R
    Nodes: 3 0 2 1

  C8y: C
    Nodes: 2 3
    Parameters: value=3.3u

  R8z: R
    Nodes: 3 0
    Parameters: value=95k

  C9a: C
    Nodes: 3 1
    Parameters: value=31p

  C9b: C
    Nodes: 1 2
    Parameters: value=7.5m

  NMOS: R
    Nodes: 1 3 2 0

  C9d: C
    Nodes: 0 2
    Parameters: value=9.4u

  PMOS: R
    Nodes: 0 3 1 2

  R9f: R
    Nodes: 2 1
    Parameters: value=1.1M

  R9g: R
    Nodes: 1 2
    Parameters: value=4.9M

  R9h: R
    Nodes: 0 3
    Parameters: value=5.8M

  C9i: C
    Nodes: 3 2
    Parameters: value=509p

  NMOS: R
    Nodes: 0 3 1 2

  R9k: R
    Nodes: 1 3
    Parameters: value=55k

  NMOS: R
    Nodes: 0 1 3 2

  C9m: C
    Nodes: 2 3
    Parameters: value=416p

  NMOS: R
    Nodes: 0 2 3 1

  PMOS: R
    Nodes: 0 3 1 2

  R9p: R
    Nodes: 0 3
    Parameters: value=8.6M

  R9q: R
    Nodes: 1 3
    Parameters: value=40k

  R9r: R
    Nodes: 0 3
    Parameters: value=11k

  PMOS: R
    Nodes: 2 0 1 3

  NMOS: R
    Nodes: 0 1 3 2

  NMOS: R
    Nodes: 1 2 3 0

  C9v: C
    Nodes: 1 2
    Parameters: value=252p

  R9w: R
    Nodes: 2 1
    Parameters: value=4k

  C9x: C
    Nodes: 1 0
    Parameters: value=5.2u

  R9y: R
    Nodes: 1 0
    Parameters: value=910.0

  C9z: C
    Nodes: 2 1
    Parameters: value=79n

  R10a: R
    Nodes: 3 1
    Parameters: value=434.0

  C10b: C
    Nodes: 2 1
    Parameters: value=6.4u

  R10c: R
    Nodes: 3 1
    Parameters: value=74k

  R10d: R
    Nodes: 1 0
    Parameters: value=919.0

  R10e: R
    Nodes: 2 3
    Parameters: value=36k

  C10f: C
    Nodes: 0 1
    Parameters: value=374p

  C10g: C
    Nodes: 1 0
    Parameters: value=5.7u

  C10h: C
    Nodes: 3 2
    Parameters: value=1.6u

  R10i: R
    Nodes: 0 2
    Parameters: value=29k

  C10j: C
    Nodes: 1 3
    Parameters: value=17n

  NMOS: R
    Nodes: 1 2 0 3

  C10l: C
    Nodes: 3 1
    Parameters: value=8.5m

  C10m: C
    Nodes: 1 2
    Parameters: value=4.1m

  R10n: R
    Nodes: 3 0
    Parameters: value=25.0

  R10o: R
    Nodes: 3 2
    Parameters: value=65k

  C10p: C
    Nodes: 3 0
    Parameters: value=209p

  R10q: R
    Nodes: 2 1
    Parameters: value=59k

  PMOS: R
    Nodes: 1 0 2 3

  NMOS: R
    Nodes: 3 2 0 1

  C10t: C
    Nodes: 2 3
    Parameters: value=689p

  R10u: R
    Nodes: 2 3
    Parameters: value=0.4M

  NMOS: R
    Nodes: 0 3 1 2

  NMOS: R
    Nodes: 1 0 3 2

  PMOS: R
    Nodes: 1 0 2 3

  R10y: R
    Nodes: 3 2
    Parameters: value=526.0

  C10z: C
    Nodes: 1 3
    Parameters: value=1.8m

  PMOS: R
    Nodes: 2 0 3 1

  NMOS: R
    Nodes: 2 0 3 1

  C11c: C
    Nodes: 3 1
    Parameters: value=3.7u

  C11d: C
    Nodes: 0 3
    Parameters: value=5.3u

  C11e: C
    Nodes: 0 1
    Parameters: value=7.6u

  C11f: C
    Nodes: 1 3
    Parameters: value=7.4m

  C11g: C
    Nodes: 1 0
    Parameters: value=7.4m

  PMOS: R
    Nodes: 3 0 1 2

  R11i: R
    Nodes: 1 2
    Parameters: value=36k

  NMOS: R
    Nodes: 3 2 0 1

  C11k: C
    Nodes: 2 3
    Parameters: value=187p

  NMOS: R
    Nodes: 1 0 3 2

  PMOS: R
    Nodes: 0 2 3 1

  R11n: R
    Nodes: 0 2
    Parameters: value=194.0

  PMOS: R
    Nodes: 2 1 3 0

  C11p: C
    Nodes: 2 0
    Parameters: value=7.6m

  R11q: R
    Nodes: 3 1
    Parameters: value=396.0

  C11r: C
    Nodes: 0 2
    Parameters: value=0.5m

  NMOS: R
    Nodes: 1 2 3 0

  R11t: R
    Nodes: 3 0
    Parameters: value=6.2M

  C11u: C
    Nodes: 0 1
    Parameters: value=658p

  R11v: R
    Nodes: 2 1
    Parameters: value=26k

  C11w: C
    Nodes: 1 3
    Parameters: value=2.7m

  NMOS: R
    Nodes: 0 1 3 2

  PMOS: R
    Nodes: 2 3 0 1

  NMOS: R
    Nodes: 2 3 0 1

  C12a: C
    Nodes: 2 1
    Parameters: value=447p

  R12b: R
    Nodes: 2 0
    Parameters: value=10.0M

  R12c: R
    Nodes: 2 1
    Parameters: value=166.0

  NMOS: R
    Nodes: 3 0 2 1

  C12e: C
    Nodes: 1 3
    Parameters: value=106p

  R12f: R
    Nodes: 3 2
    Parameters: value=108.0

  C12g: C
    Nodes: 3 1
    Parameters: value=28n

  R12h: R
    Nodes: 0 3
    Parameters: value=6.5M

  C12i: C
    Nodes: 0 3
    Parameters: value=875p

  R12j: R
    Nodes: 2 3
    Parameters: value=67k

  C12k: C
    Nodes: 3 2
    Parameters: value=695p

  PMOS: R
    Nodes: 0 3 1 2

  R12m: R
    Nodes: 2 0
    Parameters: value=599.0

  NMOS: R
    Nodes: 1 3 2 0

  C12o: C
    Nodes: 2 1
    Parameters: value=28n

  PMOS: R
    Nodes: 3 0 2 1

  PMOS: R
    Nodes: 0 3 1 2

  NMOS: R
    Nodes: 2 1 3 0

  PMOS: R
    Nodes: 2 0 3 1

  R12t: R
    Nodes: 2 1
    Parameters: value=911.0

  R12u: R
    Nodes: 2 0
    Parameters: value=525.0

  PMOS: R
    Nodes: 0 1 3 2

  C12w: C
    Nodes: 0 1
    Parameters: value=745p

  R12x: R
    Nodes: 1 0
    Parameters: value=10.0M

  PMOS: R
    Nodes: 2 3 0 1

  R12z: R
    Nodes: 1 2
    Parameters: value=917.0

  NMOS: R
    Nodes: 1 2 0 3

  NMOS: R
    Nodes: 0 3 1 2

  PMOS: R
    Nodes: 3 0 2 1

  NMOS: R
    Nodes: 1 2 0 3

  NMOS: R
    Nodes: 1 3 2 0

  R13f: R
    Nodes: 2 0
    Parameters: value=33.0

  NMOS: R
    Nodes: 1 3 0 2

  PMOS: R
    Nodes: 3 1 2 0

  C13i: C
    Nodes: 0 1
    Parameters: value=2.6m

  PMOS: R
    Nodes: 2 0 1 3

  NMOS: R
    Nodes: 3 2 0 1

  C13l: C
    Nodes: 3 0
    Parameters: value=2.8m

  C13m: C
    Nodes: 3 1
    Parameters: value=123p

  PMOS: R
    Nodes: 0 1 3 2

  R13o: R
    Nodes: 2 3
    Parameters: value=85k

  PMOS: R
    Nodes: 0 3 1 2

  R13q: R
    Nodes: 3 0
    Parameters: value=99k

  NMOS: R
    Nodes: 3 0 1 2

  R13s: R
    Nodes: 3 2
    Parameters: value=6.8M

  NMOS: R
    Nodes: 3 0 1 2

  C13u: C
    Nodes: 3 1
    Parameters: value=9.7u

  NMOS: R
    Nodes: 1 3 2 0

  NMOS: R
    Nodes: 3 1 2 0

  R13x: R
    Nodes: 2 1
    Parameters: value=885.0

  NMOS: R
    Nodes: 0 1 3 2

  NMOS: R
    Nodes: 2 3 0 1

  C14a: C
    Nodes: 0 2
    Parameters: value=0.3u

  R14b: R
    Nodes: 0 1
    Parameters: value=9.5M

  PMOS: R
    Nodes: 2 3 1 0

  C14d: C
    Nodes: 0 3
    Parameters: value=79n

  PMOS: R
    Nodes: 0 3 2 1

  R14f: R
    Nodes: 1 0
    Parameters: value=4.0M

  R14g: R
    Nodes: 0 1
    Parameters: value=396.0

  R14h: R
    Nodes: 3 2
    Parameters: value=441.0

  R14i: R
    Nodes: 1 0
    Parameters: value=4.4M

  C14j: C
    Nodes: 3 1
    Parameters: value=2.1u

  C14k: C
    Nodes: 2 1
    Parameters: value=20n

  NMOS: R
    Nodes: 2 0 1 3

  NMOS: R
    Nodes: 3 0 2 1

  NMOS: R
    Nodes: 2 0 3 1

  NMOS: R
    Nodes: 0 2 3 1

  NMOS: R
    Nodes: 1 2 3 0

  R14q: R
    Nodes: 2 3
    Parameters: value=240.0

  NMOS: R
    Nodes: 1 0 2 3

  C14s: C
    Nodes: 0 1
    Parameters: value=331p

  PMOS: R
    Nodes: 1 3 2 0

  C14u: C
    Nodes: 3 1
    Parameters: value=140p

  NMOS: R
    Nodes: 2 0 3 1

  C14w: C
    Nodes: 2 1
    Parameters: value=8.1m

  PMOS: R
    Nodes: 0 2 3 1

  NMOS: R
    Nodes: 0 3 2 1

  R14z: R
    Nodes: 1 2
    Parameters: value=775.0

  NMOS: R
    Nodes: 1 3 2 0

  C15b: C
    Nodes: 3 2
    Parameters: value=75n

  C15c: C
    Nodes: 1 2
    Parameters: value=57n

  C15d: C
    Nodes: 1 0
    Parameters: value=3.4u

  R15e: R
    Nodes: 1 2
    Parameters: value=125.0

  PMOS: R
    Nodes: 0 1 2 3

  NMOS: R
    Nodes: 0 1 3 2

  NMOS: R
    Nodes: 2 1 3 0

  R15i: R
    Nodes: 2 1
    Parameters: value=731.0

  R15j: R
    Nodes: 0 2
    Parameters: value=8.6M

  C15k: C
    Nodes: 1 3
    Parameters: value=942p

  C15l: C
    Nodes: 3 1
    Parameters: value=6.0m

  R15m: R
    Nodes: 0 2
    Parameters: value=58k

  R15n: R
    Nodes: 1 3
    Parameters: value=4k

  NMOS: R
    Nodes: 2 1 0 3

  R15p: R
    Nodes: 2 0
    Parameters: value=4.5M

  C15q: C
    Nodes: 2 3
    Parameters: value=65n

  C15r: C
    Nodes: 1 2
    Parameters: value=5.9m

  C15s: C
    Nodes: 3 0
    Parameters: value=4.6m

  PMOS: R
    Nodes: 0 1 2 3

  R15u: R
    Nodes: 1 0
    Parameters: value=846.0

  R15v: R
    Nodes: 1 0
    Parameters: value=9.0M

  R15w: R
    Nodes: 1 3
    Parameters: value=105.0

  R15x: R
    Nodes: 3 2
    Parameters: value=725.0

  C15y: C
    Nodes: 0 2
    Parameters: value=8.9m

  R15z: R
    Nodes: 3 2
    Parameters: value=15k

  PMOS: R
    Nodes: 2 3 0 1

  C16b: C
    Nodes: 1 2
    Parameters: value=7.7u

  R16c: R
    Nodes: 2 1
    Parameters: value=550.0

  C16d: C
    Nodes: 3 1
    Parameters: value=352p

  R16e: R
    Nodes: 1 2
    Parameters: value=772.0

  C16f: C
    Nodes: 0 3
    Parameters: value=693p

  PMOS: R
    Nodes: 2 0 1 3

  PMOS: R
    Nodes: 0 1 2 3

  NMOS: R
    Nodes: 1 3 0 2

  R16j: R
    Nodes: 1 2
    Parameters: value=2.3M

  C16k: C
    Nodes: 3 1
    Parameters: value=74n

  PMOS: R
    Nodes: 0 2 3 1

  R16m: R
    Nodes: 3 1
    Parameters: value=316.0

  PMOS: R
    Nodes: 0 1 3 2

  NMOS: R
    Nodes: 3 1 2 0

  R16p: R
    Nodes: 3 1
    Parameters: value=859.0

  R16q: R
    Nodes: 1 2
    Parameters: value=56k

  R16r: R
    Nodes: 0 2
    Parameters: value=41k

  C16s: C
    Nodes: 3 0
    Parameters: value=63n

  NMOS: R
    Nodes: 1 0 2 3

  R16u: R
    Nodes: 1 3
    Parameters: value=9.7M

  R16v: R
    Nodes: 0 2
    Parameters: value=7.4M

  R16w: R
    Nodes: 3 0
    Parameters: value=334.0

  R16x: R
    Nodes: 1 0
    Parameters: value=74k

  C16y: C
    Nodes: 3 2
    Parameters: value=6.2m

  NMOS: R
    Nodes: 2 3 0 1

  R17a: R
    Nodes: 2 1
    Parameters: value=476.0

  C17b: C
    Nodes: 0 2
    Parameters: value=3.1m

  C17c: C
    Nodes: 2 1
    Parameters: value=68n

  NMOS: R
    Nodes: 2 1 0 3

  C17e: C
    Nodes: 1 2
    Parameters: value=8.6u

  NMOS: R
    Nodes: 2 0 3 1

  PMOS: R
    Nodes: 3 0 1 2

  R17h: R
    Nodes: 2 3
    Parameters: value=57k

  NMOS: R
    Nodes: 1 0 2 3

  NMOS: R
    Nodes: 0 1 3 2

  R17k: R
    Nodes: 1 2
    Parameters: value=66k

  PMOS: R
    Nodes: 1 2 3 0

  R17m: R
    Nodes: 2 0
    Parameters: value=3.5M

  C17n: C
    Nodes: 0 1
    Parameters: value=71n

  NMOS: R
    Nodes: 1 0 2 3

  C17p: C
    Nodes: 2 1
    Parameters: value=368p

  R17q: R
    Nodes: 3 0
    Parameters: value=6.6M

  C17r: C
    Nodes: 3 2
    Parameters: value=8n

  PMOS: R
    Nodes: 2 3 0 1

  C17t: C
    Nodes: 1 2
    Parameters: value=907p

  NMOS: R
    Nodes: 3 2 0 1

  NMOS: R
    Nodes: 1 2 0 3

  PMOS: R
    Nodes: 3 2 0 1

  PMOS: R
    Nodes: 3 2 0 1

  C17y: C
    Nodes: 1 0
    Parameters: value=862p

  C17z: C
    Nodes: 3 1
    Parameters: value=6.4m

  NMOS: R
    Nodes: 1 0 2 3

  C18b: C
    Nodes: 3 1
    Parameters: value=5.3m

  C18c: C
    Nodes: 3 2
    Parameters: value=60n

  PMOS: R
    Nodes: 3 2 0 1

  C18e: C
    Nodes: 3 1
    Parameters: value=914p

  C18f: C
    Nodes: 2 3
    Parameters: value=2.3u

  R18g: R
    Nodes: 3 0
    Parameters: value=5.1M

  C18h: C
    Nodes: 0 2
    Parameters: value=8.3u

  R18i: R
    Nodes: 3 0
    Parameters: value=31k

  C18j: C
    Nodes: 1 2
    Parameters: value=911p

  C18k: C
    Nodes: 0 2
    Parameters: value=798p

  C18l: C
    Nodes: 3 1
    Parameters: value=940p

  NMOS: R
    Nodes: 1 0 3 2

  NMOS: R
    Nodes: 1 0 3 2

  C18o: C
    Nodes: 3 1
    Parameters: value=475p

  C18p: C
    Nodes: 0 3
    Parameters: value=7.2u

  C18q: C
    Nodes: 1 0
    Parameters: value=9.1u

  NMOS: R
    Nodes: 2 3 0 1

  PMOS: R
    Nodes: 0 1 3 2

  PMOS: R
    Nodes: 3 0 2 1

  PMOS: R
    Nodes: 3 2 1 0

  PMOS: R
    Nodes: 2 0 1 3

  PMOS: R
    Nodes: 0 3 1 2

  C18x: C
    Nodes: 3 1
    Parameters: value=2.2u

  R18y: R
    Nodes: 3 1
    Parameters: value=99.0

  C18z: C
    Nodes: 2 3
    Parameters: value=6.6u

  R19a: R
    Nodes: 3 1
    Parameters: value=87k

  C19b: C
    Nodes: 2 3
    Parameters: value=9.0u

  R19c: R
    Nodes: 0 3
    Parameters: value=443.0

  R19d: R
    Nodes: 1 0
    Parameters: value=30k

  C19e: C
    Nodes: 2 3
    Parameters: value=145p

  R19f: R
    Nodes: 1 0
    Parameters: value=45k

  PMOS: R
    Nodes: 0 1 2 3

  NMOS: R
    Nodes: 2 3 0 1

  C19i: C
    Nodes: 0 3
    Parameters: value=81n

  NMOS: R
    Nodes: 3 2 1 0

  PMOS: R
    Nodes: 1 3 2 0

  PMOS: R
    Nodes: 2 3 0 1

  R19m: R
    Nodes: 3 2
    Parameters: value=7.9M

  NMOS: R
    Nodes: 3 2 1 0

  C19o: C
    Nodes: 3 2
    Parameters: value=3.2m

  C19p: C
    Nodes: 0 2
    Parameters: value=2.0m

  C19q: C
    Nodes: 1 2
    Parameters: value=40n

  PMOS: R
    Nodes: 1 0 2 3

  R19s: R
    Nodes: 2 1
    Parameters: value=7.9M

  NMOS: R
    Nodes: 0 3 2 1

  NMOS: R
    Nodes: 2 3 1 0

  C19v: C
    Nodes: 0 1
    Parameters: value=47n

  C19w: C
    Nodes: 3 2
    Parameters: value=509p

  R19x: R
    Nodes: 3 1
    Parameters: value=89.0

  PMOS: R
    Nodes: 1 0 2 3

  PMOS: R
    Nodes: 2 1 0 3

  R20a: R
    Nodes: 3 2
    Parameters: value=455.0

  C20b: C
    Nodes: 1 0
    Parameters: value=1.4u

  C20c: C
    Nodes: 1 3
    Parameters: value=28p

  NMOS: R
    Nodes: 3 2 0 1

  C20e: C
    Nodes: 2 1
    Parameters: value=78n

  R20f: R
    Nodes: 2 3
    Parameters: value=866.0

  NMOS: R
    Nodes: 3 1 0 2

  R20h: R
    Nodes: 3 0
    Parameters: value=0.2M

  C20i: C
    Nodes: 3 0
    Parameters: value=7.0u

  C20j: C
    Nodes: 0 2
    Parameters: value=657p

  C20k: C
    Nodes: 3 1
    Parameters: value=5.4m

  PMOS: R
    Nodes: 0 3 2 1

  C20m: C
    Nodes: 1 3
    Parameters: value=4.3m

  C20n: C
    Nodes: 2 3
    Parameters: value=6.9m

  NMOS: R
    Nodes: 2 1 0 3

  NMOS: R
    Nodes: 0 3 1 2

  NMOS: R
    Nodes: 0 2 1 3

  R20r: R
    Nodes: 0 1
    Parameters: value=5k

  R20s: R
    Nodes: 0 1
    Parameters: value=0.9M

  C20t: C
    Nodes: 2 3
    Parameters: value=5.1u

  NMOS: R
    Nodes: 1 3 0 2

  R20v: R
    Nodes: 3 0
    Parameters: value=1.5M

  R20w: R
    Nodes: 0 1
    Parameters: value=81k

  C20x: C
    Nodes: 3 0
    Parameters: value=0.2m

  C20y: C
    Nodes: 3 0
    Parameters: value=4.7u

  PMOS: R
    Nodes: 1 0 3 2

  PMOS: R
    Nodes: 1 3 2 0

  NMOS: R
    Nodes: 0 3 2 1

  R21c: R
    Nodes: 0 2
    Parameters: value=8.6M

  NMOS: R
    Nodes: 0 1 2 3

  C21e: C
    Nodes: 3 0
    Parameters: value=6.1m

  R21f: R
    Nodes: 1 3
    Parameters: value=62k

  C21g: C
    Nodes: 2 3
    Parameters: value=510p

  R21h: R
    Nodes: 0 1
    Parameters: value=295.0

  NMOS: R
    Nodes: 2 0 3 1

  PMOS: R
    Nodes: 1 0 2 3

  C21k: C
    Nodes: 1 0
    Parameters: value=739p

  PMOS: R
    Nodes: 3 0 2 1

  PMOS: R
    Nodes: 0 1 2 3

  PMOS: R
    Nodes: 3 2 0 1

  C21o: C
    Nodes: 0 2
    Parameters: value=5.9m

  C21p: C
    Nodes: 1 0
    Parameters: value=876p

  C21q: C
    Nodes: 2 1
    Parameters: value=745p

  PMOS: R
    Nodes: 3 1 0 2

  R21s: R
    Nodes: 2 1
    Parameters: value=7.3M

  NMOS: R
    Nodes: 3 0 1 2

  R21u: R
    Nodes: 3 1
    Parameters: value=401.0

  NMOS: R
    Nodes: 1 0 3 2

  C21w: C
    Nodes: 0 3
    Parameters: value=10n

  C21x: C
    Nodes: 1 0
    Parameters: value=46n

  PMOS: R
    Nodes: 0 1 3 2

  NMOS: R
    Nodes: 1 2 0 3

  R22a: R
    Nodes: 0 1
    Parameters: value=41k

  PMOS: R
    Nodes: 1 3 0 2

  C22c: C
    Nodes: 1 2
    Parameters: value=162p

  R22d: R
    Nodes: 0 2
    Parameters: value=65k

  R22e: R
    Nodes: 1 0
    Parameters: value=75k

  C22f: C
    Nodes: 0 2
    Parameters: value=82n

  PMOS: R
    Nodes: 2 3 0 1

  NMOS: R
    Nodes: 3 1 2 0

  PMOS: R
    Nodes: 1 3 0 2

  NMOS: R
    Nodes: 3 0 1 2

  R22k: R
    Nodes: 0 1
    Parameters: value=82k

  R22l: R
    Nodes: 1 3
    Parameters: value=640.0

  R22m: R
    Nodes: 3 1
    Parameters: value=4.6M

  C22n: C
    Nodes: 3 1
    Parameters: value=8.4m

  PMOS: R
    Nodes: 0 2 1 3

  NMOS: R
    Nodes: 1 3 0 2

  R22q: R
    Nodes: 2 3
    Parameters: value=800.0

  NMOS: R
    Nodes: 2 0 1 3

  NMOS: R
    Nodes: 2 1 0 3

  NMOS: R
    Nodes: 2 0 3 1

  C22u: C
    Nodes: 3 1
    Parameters: value=8.4m

  C22v: C
    Nodes: 1 0
    Parameters: value=3.2m

  NMOS: R
    Nodes: 1 2 0 3

  PMOS: R
    Nodes: 3 1 0 2

  NMOS: R
    Nodes: 3 1 2 0

  R22z: R
    Nodes: 0 3
    Parameters: value=628.0

  C23a: C
    Nodes: 3 0
    Parameters: value=3.3u

  PMOS: R
    Nodes: 2 3 1 0

  R23c: R
    Nodes: 1 2
    Parameters: value=61k

  C23d: C
    Nodes: 1 2
    Parameters: value=384p

  C23e: C
    Nodes: 2 3
    Parameters: value=6.0u

  NMOS: R
    Nodes: 3 1 2 0

  R23g: R
    Nodes: 1 2
    Parameters: value=9.0M

  C23h: C
    Nodes: 2 1
    Parameters: value=352p

  C23i: C
    Nodes: 0 1
    Parameters: value=945p

  R23j: R
    Nodes: 2 1
    Parameters: value=891.0

  C23k: C
    Nodes: 1 2
    Parameters: value=1.4m

  R23l: R
    Nodes: 3 1
    Parameters: value=72.0

  NMOS: R
    Nodes: 3 0 2 1

  C23n: C
    Nodes: 0 2
    Parameters: value=6.0m

  R23o: R
    Nodes: 0 1
    Parameters: value=887.0

  C23p: C
    Nodes: 0 1
    Parameters: value=1.0u

  C23q: C
    Nodes: 1 0
    Parameters: value=8.5u

  R23r: R
    Nodes: 2 0
    Parameters: value=2k

  NMOS: R
    Nodes: 0 3 1 2

  C23t: C
    Nodes: 0 2
    Parameters: value=65n

  R23u: R
    Nodes: 1 0
    Parameters: value=5.0M

  PMOS: R
    Nodes: 0 1 2 3

  C23w: C
    Nodes: 0 3
    Parameters: value=5.9u

  R23x: R
    Nodes: 1 3
    Parameters: value=41k

  NMOS: R
    Nodes: 0 3 1 2

  NMOS: R
    Nodes: 2 0 1 3

  C24a: C
    Nodes: 0 3
    Parameters: value=18n

  C24b: C
    Nodes: 3 1
    Parameters: value=98n

  C24c: C
    Nodes: 3 2
    Parameters: value=2.5m

  C24d: C
    Nodes: 0 3
    Parameters: value=9.8m

  C24e: C
    Nodes: 2 0
    Parameters: value=0.9m

  C24f: C
    Nodes: 3 0
    Parameters: value=857p

  C24g: C
    Nodes: 1 2
    Parameters: value=4.8m

  PMOS: R
    Nodes: 1 3 0 2

  C24i: C
    Nodes: 2 1
    Parameters: value=91n

  C24j: C
    Nodes: 2 0
    Parameters: value=9.7m

  C24k: C
    Nodes: 2 3
    Parameters: value=282p

  C24l: C
    Nodes: 2 0
    Parameters: value=305p

  NMOS: R
    Nodes: 3 1 2 0

  R24n: R
    Nodes: 1 3
    Parameters: value=962.0

  R24o: R
    Nodes: 3 1
    Parameters: value=33k

  PMOS: R
    Nodes: 0 2 1 3

  R24q: R
    Nodes: 3 1
    Parameters: value=1.8M

  R24r: R
    Nodes: 1 0
    Parameters: value=294.0

  PMOS: R
    Nodes: 1 0 3 2

  C24t: C
    Nodes: 2 1
    Parameters: value=39p

  PMOS: R
    Nodes: 1 2 3 0

  C24v: C
    Nodes: 3 1
    Parameters: value=0.6m

  C24w: C
    Nodes: 1 2
    Parameters: value=9.2u

  C24x: C
    Nodes: 1 2
    Parameters: value=509p

  NMOS: R
    Nodes: 1 0 3 2

  R24z: R
    Nodes: 3 2
    Parameters: value=52k

  R25a: R
    Nodes: 2 0
    Parameters: value=5.6M

  NMOS: R
    Nodes: 3 0 1 2

  R25c: R
    Nodes: 0 2
    Parameters: value=6.9M

  C25d: C
    Nodes: 3 2
    Parameters: value=57n

  C25e: C
    Nodes: 3 2
    Parameters: value=29n

  R25f: R
    Nodes: 1 0
    Parameters: value=94k

  C25g: C
    Nodes: 0 2
    Parameters: value=8.2u

  R25h: R
    Nodes: 2 3
    Parameters: value=8.7M

  NMOS: R
    Nodes: 3 2 0 1

  C25j: C
    Nodes: 0 1
    Parameters: value=152p

  PMOS: R
    Nodes: 2 3 0 1

  PMOS: R
    Nodes: 2 3 0 1

  R25m: R
    Nodes: 1 2
    Parameters: value=898.0

  NMOS: R
    Nodes: 0 2 3 1

  C25o: C
    Nodes: 2 0
    Parameters: value=5.8u

  C25p: C
    Nodes: 0 3
    Parameters: value=5.5m

  PMOS: R
    Nodes: 2 1 0 3

  PMOS: R
    Nodes: 1 3 0 2

  C25s: C
    Nodes: 0 3
    Parameters: value=91n

  R25t: R
    Nodes: 2 1
    Parameters: value=108.0

  R25u: R
    Nodes: 0 1
    Parameters: value=93k

  R25v: R
    Nodes: 1 2
    Parameters: value=6.3M

  C25w: C
    Nodes: 1 0
    Parameters: value=985p

  C25x: C
    Nodes: 1 2
    Parameters: value=733p

  C25y: C
    Nodes: 0 2
    Parameters: value=8.5u

  R25z: R
    Nodes: 1 2
    Parameters: value=16k

  R26a: R
    Nodes: 3 2
    Parameters: value=39k

  C26b: C
    Nodes: 3 0
    Parameters: value=4.7m

  C26c: C
    Nodes: 2 1
    Parameters: value=9.3m

  C26d: C
    Nodes: 2 0
    Parameters: value=80n

  R26e: R
    Nodes: 1 3
    Parameters: value=81.0

  PMOS: R
    Nodes: 0 1 2 3

  R26g: R
    Nodes: 1 3
    Parameters: value=617.0

  R26h: R
    Nodes: 0 1
    Parameters: value=6.7M

  R26i: R
    Nodes: 3 0
    Parameters: value=5.9M

  PMOS: R
    Nodes: 2 0 3 1

  NMOS: R
    Nodes: 2 0 3 1

  C26l: C
    Nodes: 0 1
    Parameters: value=3.3m

  R26m: R
    Nodes: 0 2
    Parameters: value=97k

  C26n: C
    Nodes: 3 1
    Parameters: value=83n

  C26o: C
    Nodes: 2 0
    Parameters: value=3.8u

  R26p: R
    Nodes: 3 0
    Parameters: value=7.8M

  R26q: R
    Nodes: 2 3
    Parameters: value=687.0

  PMOS: R
    Nodes: 0 3 1 2

  C26s: C
    Nodes: 1 3
    Parameters: value=54n

  NMOS: R
    Nodes: 2 3 0 1

  C26u: C
    Nodes: 0 2
    Parameters: value=317p

  C26v: C
    Nodes: 0 2
    Parameters: value=4.4u

  C26w: C
    Nodes: 1 3
    Parameters: value=75n

  R26x: R
    Nodes: 1 3
    Parameters: value=97k

  NMOS: R
    Nodes: 0 3 1 2

  R26z: R
    Nodes: 2 3
    Parameters: value=963.0

  NMOS: R
    Nodes: 3 1 0 2

  C27b: C
    Nodes: 1 2
    Parameters: value=114p

  R27c: R
    Nodes: 0 1
    Parameters: value=8k

  C27d: C
    Nodes: 0 1
    Parameters: value=8.0u

  PMOS: R
    Nodes: 3 1 0 2

  C27f: C
    Nodes: 1 0
    Parameters: value=5.7m

  NMOS: R
    Nodes: 0 1 3 2

  R27h: R
    Nodes: 1 2
    Parameters: value=832.0

  R27i: R
    Nodes: 2 0
    Parameters: value=10k

  NMOS: R
    Nodes: 0 1 3 2

  C27k: C
    Nodes: 2 1
    Parameters: value=5.8u

  NMOS: R
    Nodes: 2 3 1 0

  C27m: C
    Nodes: 1 2
    Parameters: value=39n

  R27n: R
    Nodes: 1 2
    Parameters: value=5.1M

  R27o: R
    Nodes: 0 2
    Parameters: value=694.0

  NMOS: R
    Nodes: 2 1 3 0

  R27q: R
    Nodes: 1 2
    Parameters: value=48k

  R27r: R
    Nodes: 3 1
    Parameters: value=14k

  R27s: R
    Nodes: 0 3
    Parameters: value=894.0

  NMOS: R
    Nodes: 0 3 1 2

  NMOS: R
    Nodes: 1 2 0 3

  PMOS: R
    Nodes: 2 1 3 0

  PMOS: R
    Nodes: 1 2 3 0

  R27x: R
    Nodes: 2 0
    Parameters: value=60k

  R27y: R
    Nodes: 1 3
    Parameters: value=7.7M

  R27z: R
    Nodes: 0 3
    Parameters: value=6.0

  C28a: C
    Nodes: 0 3
    Parameters: value=9.0u

  C28b: C
    Nodes: 1 0
    Parameters: value=5.5m

  C28c: C
    Nodes: 0 1
    Parameters: value=6.7m

  NMOS: R
    Nodes: 0 2 1 3

  R28e: R
    Nodes: 3 2
    Parameters: value=978.0

  NMOS: R
    Nodes: 3 2 1 0

  NMOS: R
    Nodes: 1 2 3 0

  NMOS: R
    Nodes: 0 2 1 3

  C28i: C
    Nodes: 1 2
    Parameters: value=9.7u

  R28j: R
    Nodes: 1 2
    Parameters: value=2.1M

  PMOS: R
    Nodes: 0 3 1 2

  R28l: R
    Nodes: 3 0
    Parameters: value=168.0

  C28m: C
    Nodes: 3 1
    Parameters: value=862p

  PMOS: R
    Nodes: 1 0 3 2

  NMOS: R
    Nodes: 1 3 2 0

  R28p: R
    Nodes: 0 1
    Parameters: value=680.0

  C28q: C
    Nodes: 0 3
    Parameters: value=445p

  R28r: R
    Nodes: 1 2
    Parameters: value=1.0M

  C28s: C
    Nodes: 1 2
    Parameters: value=57n

  PMOS: R
    Nodes: 1 3 2 0

  PMOS: R
    Nodes: 1 3 0 2

  NMOS: R
    Nodes: 0 2 3 1

  R28w: R
    Nodes: 2 3
    Parameters: value=1000.0

  C28x: C
    Nodes: 3 0
    Parameters: value=77n

  PMOS: R
    Nodes: 0 1 3 2

  R28z: R
    Nodes: 3 2
    Parameters: value=64k

  C29a: C
    Nodes: 1 3
    Parameters: value=232p

  C29b: C
    Nodes: 0 3
    Parameters: value=16n

  R29c: R
    Nodes: 3 0
    Parameters: value=868.0

  PMOS: R
    Nodes: 0 2 3 1

  PMOS: R
    Nodes: 2 0 3 1

  R29f: R
    Nodes: 2 1
    Parameters: value=10k

  PMOS: R
    Nodes: 2 3 1 0

  PMOS: R
    Nodes: 2 1 3 0

  R29i: R
    Nodes: 2 0
    Parameters: value=5.3M

  NMOS: R
    Nodes: 1 0 2 3

  C29k: C
    Nodes: 2 0
    Parameters: value=25n

  C29l: C
    Nodes: 2 0
    Parameters: value=9.5u

  R29m: R
    Nodes: 0 3
    Parameters: value=507.0

  R29n: R
    Nodes: 3 0
    Parameters: value=17k

  NMOS: R
    Nodes: 3 0 2 1

  R29p: R
    Nodes: 0 1
    Parameters: value=89k

  PMOS: R
    Nodes: 3 0 1 2

  R29r: R
    Nodes: 1 3
    Parameters: value=67k

  C29s: C
    Nodes: 3 2
    Parameters: value=415p

  C29t: C
    Nodes: 0 2
    Parameters: value=760p

  R29u: R
    Nodes: 1 0
    Parameters: value=972.0

  NMOS: R
    Nodes: 1 2 0 3

  C29w: C
    Nodes: 3 1
    Parameters: value=524p

  R29x: R
    Nodes: 1 3
    Parameters: value=329.0

  C29y: C
    Nodes: 2 0
    Parameters: value=618p

  R29z: R
    Nodes: 2 3
    Parameters: value=186.0

  C30a: C
    Nodes: 0 2
    Parameters: value=7.1m

  C30b: C
    Nodes: 3 0
    Parameters: value=288p

  R30c: R
    Nodes: 3 2
    Parameters: value=545.0

  NMOS: R
    Nodes: 1 2 0 3

  PMOS: R
    Nodes: 1 0 2 3

  NMOS: R
    Nodes: 1 3 2 0

  R30g: R
    Nodes: 0 2
    Parameters: value=694.0

  R30h: R
    Nodes: 1 3
    Parameters: value=899.0

  C30i: C
    Nodes: 2 1
    Parameters: value=0.8m

  R30j: R
    Nodes: 1 3
    Parameters: value=1.2M

  C30k: C
    Nodes: 1 2
    Parameters: value=53n

  C30l: C
    Nodes: 2 3
    Parameters: value=3.2u

  C30m: C
    Nodes: 1 0
    Parameters: value=7.6u

  R30n: R
    Nodes: 2 3
    Parameters: value=14k

  NMOS: R
    Nodes: 3 0 1 2

  R30p: R
    Nodes: 3 0
    Parameters: value=72k

  C30q: C
    Nodes: 0 2
    Parameters: value=4.6u

  R30r: R
    Nodes: 0 3
    Parameters: value=83k

  R30s: R
    Nodes: 1 3
    Parameters: value=9.8M

  C30t: C
    Nodes: 1 2
    Parameters: value=97n

  R30u: R
    Nodes: 0 3
    Parameters: value=9.0M

  R30v: R
    Nodes: 0 3
    Parameters: value=615.0

  C30w: C
    Nodes: 1 2
    Parameters: value=0.3u

  C30x: C
    Nodes: 0 1
    Parameters: value=7.5m

  C30y: C
    Nodes: 2 1
    Parameters: value=8.4u

  C30z: C
    Nodes: 2 1
    Parameters: value=22n

  C31a: C
    Nodes: 2 0
    Parameters: value=7.0m

  R31b: R
    Nodes: 1 2
    Parameters: value=42k

  NMOS: R
    Nodes: 0 3 1 2

  R31d: R
    Nodes: 3 1
    Parameters: value=406.0

  C31e: C
    Nodes: 2 0
    Parameters: value=7.5m

  C31f: C
    Nodes: 2 1
    Parameters: value=92n

  C31g: C
    Nodes: 1 3
    Parameters: value=51n

  PMOS: R
    Nodes: 1 2 3 0

  R31i: R
    Nodes: 2 3
    Parameters: value=216.0

  C31j: C
    Nodes: 2 0
    Parameters: value=5.6u

  R31k: R
    Nodes: 3 0
    Parameters: value=819.0

  R31l: R
    Nodes: 2 1
    Parameters: value=47k

  PMOS: R
    Nodes: 2 3 1 0

  PMOS: R
    Nodes: 0 3 1 2

  C31o: C
    Nodes: 2 0
    Parameters: value=6n

  C31p: C
    Nodes: 0 1
    Parameters: value=7.4u

  C31q: C
    Nodes: 3 0
    Parameters: value=8.7m

  PMOS: R
    Nodes: 1 3 2 0

  NMOS: R
    Nodes: 3 1 2 0

  C31t: C
    Nodes: 1 2
    Parameters: value=687p

  R31u: R
    Nodes: 2 3
    Parameters: value=846.0

  R31v: R
    Nodes: 2 3
    Parameters: value=244.0

  C31w: C
    Nodes: 1 2
    Parameters: value=94n

  C31x: C
    Nodes: 0 2
    Parameters: value=66n

  PMOS: R
    Nodes: 1 0 3 2

  C31z: C
    Nodes: 0 1
    Parameters: value=16n

  R32a: R
    Nodes: 1 0
    Parameters: value=17k

  R32b: R
    Nodes: 3 2
    Parameters: value=27k

  PMOS: R
    Nodes: 1 3 0 2

  C32d: C
    Nodes: 3 1
    Parameters: value=350p

  C32e: C
    Nodes: 0 1
    Parameters: value=83n

  R32f: R
    Nodes: 0 2
    Parameters: value=678.0

  R32g: R
    Nodes: 1 2
    Parameters: value=666.0

  C32h: C
    Nodes: 1 3
    Parameters: value=2.2u

  C32i: C
    Nodes: 3 0
    Parameters: value=3.8u

  C32j: C
    Nodes: 2 3
    Parameters: value=374p

  PMOS: R
    Nodes: 2 0 3 1

  C32l: C
    Nodes: 3 0
    Parameters: value=8.8m

  C32m: C
    Nodes: 0 2
    Parameters: value=925p

  R32n: R
    Nodes: 1 2
    Parameters: value=24k

  R32o: R
    Nodes: 0 3
    Parameters: value=687.0

  R32p: R
    Nodes: 0 3
    Parameters: value=961.0

  NMOS: R
    Nodes: 0 1 3 2

  C32r: C
    Nodes: 3 1
    Parameters: value=617p

  R32s: R
    Nodes: 0 1
    Parameters: value=5.8M

  R32t: R
    Nodes: 1 3
    Parameters: value=10k

  C32u: C
    Nodes: 1 2
    Parameters: value=1.2u

  PMOS: R
    Nodes: 3 2 0 1

  R32w: R
    Nodes: 1 3
    Parameters: value=948.0

  C32x: C
    Nodes: 1 0
    Parameters: value=509p

  R32y: R
    Nodes: 1 2
    Parameters: value=2.8M

  R32z: R
    Nodes: 3 2
    Parameters: value=231.0

  C33a: C
    Nodes: 0 1
    Parameters: value=3.4m

  R33b: R
    Nodes: 2 0
    Parameters: value=860.0

  R33c: R
    Nodes: 2 3
    Parameters: value=6.4M

  PMOS: R
    Nodes: 2 3 1 0

  C33e: C
    Nodes: 3 1
    Parameters: value=4.6u

  R33f: R
    Nodes: 2 0
    Parameters: value=235.0

  R33g: R
    Nodes: 1 0
    Parameters: value=98.0

  C33h: C
    Nodes: 1 2
    Parameters: value=92n

  R33i: R
    Nodes: 3 0
    Parameters: value=66k

  NMOS: R
    Nodes: 0 3 1 2

  C33k: C
    Nodes: 0 3
    Parameters: value=0.6m

  NMOS: R
    Nodes: 1 3 2 0

  NMOS: R
    Nodes: 0 1 2 3

  NMOS: R
    Nodes: 1 0 2 3

  NMOS: R
    Nodes: 3 1 0 2

  C33p: C
    Nodes: 0 1
    Parameters: value=4.8u

  R33q: R
    Nodes: 2 3
    Parameters: value=75k

  NMOS: R
    Nodes: 2 0 1 3

  PMOS: R
    Nodes: 0 3 1 2

  R33t: R
    Nodes: 2 1
    Parameters: value=907.0

  PMOS: R
    Nodes: 3 0 2 1

  R33v: R
    Nodes: 0 2
    Parameters: value=74k

  NMOS: R
    Nodes: 0 3 1 2

  R33x: R
    Nodes: 0 1
    Parameters: value=530.0

  PMOS: R
    Nodes: 2 1 0 3

  C33z: C
    Nodes: 0 1
    Parameters: value=2.1m

  C34a: C
    Nodes: 3 1
    Parameters: value=984p

  PMOS: R
    Nodes: 2 0 3 1

  PMOS: R
    Nodes: 1 0 2 3

  R34d: R
    Nodes: 0 3
    Parameters: value=1.9M

  R34e: R
    Nodes: 0 3
    Parameters: value=2k

  NMOS: R
    Nodes: 1 3 2 0

  R34g: R
    Nodes: 0 3
    Parameters: value=1.3M

  R34h: R
    Nodes: 1 2
    Parameters: value=4.9M

  R34i: R
    Nodes: 1 2
    Parameters: value=6.0M

  NMOS: R
    Nodes: 1 0 3 2

  PMOS: R
    Nodes: 1 0 3 2

  R34l: R
    Nodes: 0 1
    Parameters: value=302.0

  C34m: C
    Nodes: 3 0
    Parameters: value=89n

  C34n: C
    Nodes: 0 1
    Parameters: value=85n

  C34o: C
    Nodes: 1 3
    Parameters: value=673p

  C34p: C
    Nodes: 2 3
    Parameters: value=282p

  R34q: R
    Nodes: 2 3
    Parameters: value=144.0

  NMOS: R
    Nodes: 1 2 3 0

  NMOS: R
    Nodes: 3 0 1 2

  C34t: C
    Nodes: 1 2
    Parameters: value=59n

  PMOS: R
    Nodes: 1 3 0 2

  NMOS: R
    Nodes: 3 0 2 1

  R34w: R
    Nodes: 1 3
    Parameters: value=68k

  C34x: C
    Nodes: 3 1
    Parameters: value=21n

  R34y: R
    Nodes: 3 1
    Parameters: value=60k

  R34z: R
    Nodes: 1 3
    Parameters: value=88k

  R35a: R
    Nodes: 2 1
    Parameters: value=81k

  R35b: R
    Nodes: 3 0
    Parameters: value=31k

  PMOS: R
    Nodes: 0 1 2 3

  R35d: R
    Nodes: 0 3
    Parameters: value=91k

  R35e: R
    Nodes: 2 1
    Parameters: value=28k

  R35f: R
    Nodes: 3 0
    Parameters: value=8k

  PMOS: R
    Nodes: 3 2 0 1

  R35h: R
    Nodes: 1 2
    Parameters: value=44k

  R35i: R
    Nodes: 1 3
    Parameters: value=864.0

  R35j: R
    Nodes: 0 2
    Parameters: value=17k

  NMOS: R
    Nodes: 3 1 0 2

  R35l: R
    Nodes: 3 2
    Parameters: value=408.0

  PMOS: R
    Nodes: 2 3 1 0

  R35n: R
    Nodes: 2 3
    Parameters: value=51k

  R35o: R
    Nodes: 0 2
    Parameters: value=9.7M

  R35p: R
    Nodes: 0 3
    Parameters: value=2.3M

  C35q: C
    Nodes: 0 1
    Parameters: value=84n

  PMOS: R
    Nodes: 1 0 3 2

  R35s: R
    Nodes: 0 3
    Parameters: value=7.7M

  C35t: C
    Nodes: 1 3
    Parameters: value=3.0m

  R35u: R
    Nodes: 2 0
    Parameters: value=9.9M

  C35v: C
    Nodes: 2 3
    Parameters: value=64n

  NMOS: R
    Nodes: 3 0 2 1

  PMOS: R
    Nodes: 2 0 3 1

  C35y: C
    Nodes: 3 2
    Parameters: value=5.7u

  NMOS: R
    Nodes: 3 1 0 2

  R36a: R
    Nodes: 3 0
    Parameters: value=1k

  PMOS: R
    Nodes: 0 2 3 1

  NMOS: R
    Nodes: 3 1 2 0

  PMOS: R
    Nodes: 1 3 0 2

  C36e: C
    Nodes: 0 1
    Parameters: value=188p

  C36f: C
    Nodes: 2 1
    Parameters: value=6.6u

  NMOS: R
    Nodes: 2 0 1 3

  R36h: R
    Nodes: 1 0
    Parameters: value=9.6M

  R36i: R
    Nodes: 3 1
    Parameters: value=226.0

  R36j: R
    Nodes: 2 3
    Parameters: value=99k

  R36k: R
    Nodes: 1 0
    Parameters: value=870.0

  NMOS: R
    Nodes: 2 3 0 1

  C36m: C
    Nodes: 1 0
    Parameters: value=7.9u

  PMOS: R
    Nodes: 3 1 2 0

  R36o: R
    Nodes: 1 2
    Parameters: value=6.4M

  PMOS: R
    Nodes: 1 3 2 0

  C36q: C
    Nodes: 3 0
    Parameters: value=1.5m

  R36r: R
    Nodes: 2 3
    Parameters: value=42k

  C36s: C
    Nodes: 0 3
    Parameters: value=182p

  C36t: C
    Nodes: 3 0
    Parameters: value=6.7m

  PMOS: R
    Nodes: 2 1 0 3

  R36v: R
    Nodes: 0 1
    Parameters: value=983.0

  R36w: R
    Nodes: 2 3
    Parameters: value=65k

  R36x: R
    Nodes: 2 1
    Parameters: value=787.0

  C36y: C
    Nodes: 0 3
    Parameters: value=892p

  C36z: C
    Nodes: 0 3
    Parameters: value=99n

  R37a: R
    Nodes: 3 0
    Parameters: value=0.6M

  NMOS: R
    Nodes: 0 3 2 1

  C37c: C
    Nodes: 3 1
    Parameters: value=503p

  R37d: R
    Nodes: 2 3
    Parameters: value=9.8M

  R37e: R
    Nodes: 0 3
    Parameters: value=80k

  R37f: R
    Nodes: 2 3
    Parameters: value=93.0

  R37g: R
    Nodes: 2 0
    Parameters: value=82k

  C37h: C
    Nodes: 3 0
    Parameters: value=46n

  R37i: R
    Nodes: 1 2
    Parameters: value=9.5M

  R37j: R
    Nodes: 0 1
    Parameters: value=294.0

  R37k: R
    Nodes: 0 3
    Parameters: value=0.8M

  R37l: R
    Nodes: 3 1
    Parameters: value=3.9M

  C37m: C
    Nodes: 0 1
    Parameters: value=787p

  PMOS: R
    Nodes: 2 0 3 1

  C37o: C
    Nodes: 0 3
    Parameters: value=54n

  C37p: C
    Nodes: 1 0
    Parameters: value=3.2m

  NMOS: R
    Nodes: 1 2 0 3

  R37r: R
    Nodes: 1 3
    Parameters: value=424.0

  C37s: C
    Nodes: 2 3
    Parameters: value=460p

  C37t: C
    Nodes: 0 2
    Parameters: value=1.9u

  PMOS: R
    Nodes: 2 1 3 0

  R37v: R
    Nodes: 1 0
    Parameters: value=0.1M

  NMOS: R
    Nodes: 1 2 0 3

  NMOS: R
    Nodes: 0 3 1 2

  NMOS: R
    Nodes: 0 1 2 3

  C37z: C
    Nodes: 0 2
    Parameters: value=5.9m

  R38a: R
    Nodes: 1 2
    Parameters: value=929.0

  R38b: R
    Nodes: 3 2
    Parameters: value=270.0

  C38c: C
    Nodes: 0 2
    Parameters: value=0.5m

  C38d: C
    Nodes: 1 2
    Parameters: value=84n

  C38e: C
    Nodes: 3 2
    Parameters: value=5.7u

  R38f: R
    Nodes: 0 1
    Parameters: value=5.5M

  NMOS: R
    Nodes: 0 3 2 1

  R38h: R
    Nodes: 1 0
    Parameters: value=66.0

  C38i: C
    Nodes: 0 1
    Parameters: value=4.7u

  C38j: C
    Nodes: 0 3
    Parameters: value=1.4u

  C38k: C
    Nodes: 3 2
    Parameters: value=2.4u

  C38l: C
    Nodes: 0 2
    Parameters: value=0.7u

  R38m: R
    Nodes: 2 0
    Parameters: value=0.2M

  C38n: C
    Nodes: 3 1
    Parameters: value=723p

  PMOS: R
    Nodes: 1 0 3 2

  PMOS: R
    Nodes: 2 1 0 3

  R38q: R
    Nodes: 3 2
    Parameters: value=527.0

  C38r: C
    Nodes: 2 1
    Parameters: value=8.0u

  NMOS: R
    Nodes: 2 0 1 3

  R38t: R
    Nodes: 2 3
    Parameters: value=31k

  C38u: C
    Nodes: 1 2
    Parameters: value=7.0u

  R38v: R
    Nodes: 2 3
    Parameters: value=38.0

  NMOS: R
    Nodes: 2 1 0 3

  C38x: C
    Nodes: 3 2
    Parameters: value=7n

  NMOS: R
    Nodes: 0 1 3 2

  C38z: C
    Nodes: 1 0
    Parameters: value=8.9u

  R39a: R
    Nodes: 1 0
    Parameters: value=1.7M

  R39b: R
    Nodes: 2 3
    Parameters: value=8k

  C39c: C
    Nodes: 0 2
    Parameters: value=9.8u

  R39d: R
    Nodes: 3 0
    Parameters: value=754.0

  C39e: C
    Nodes: 2 3
    Parameters: value=278p

  R39f: R
    Nodes: 0 2
    Parameters: value=938.0

  C39g: C
    Nodes: 3 2
    Parameters: value=67p

  PMOS: R
    Nodes: 3 0 2 1

  PMOS: R
    Nodes: 2 3 0 1

  R39j: R
    Nodes: 0 3
    Parameters: value=3.9M

  C39k: C
    Nodes: 2 1
    Parameters: value=64n

  NMOS: R
    Nodes: 3 2 1 0


# Command (compare): /mnt/d/proj/spice_netlist_parser/netlist_parser.sh "/mnt/d/proj/spice_netlist_parser/examples/1k.sp" --compare "/mnt/d/proj/spice_netlist_parser/examples/1k.sp" --compare-format json --compare-output "/mnt/d/proj/spice_netlist_parser/examples//1k.json"
------------------------------------------------------------
[0;34mSPICE Netlist Parser[0m
====================

Note: Not in a virtual environment. Consider using one.

[0;34mNetlist comparison[0m
-------------------
[0;32mComparing:[0m /mnt/d/proj/spice_netlist_parser/examples/1k.sp  <->  /mnt/d/proj/spice_netlist_parser/examples/1k.sp

2025-12-22 01:39:59,855 - spice_netlist_parser.parser - INFO - Parsing file: /mnt/d/proj/spice_netlist_parser/examples/1k.sp
2025-12-22 01:39:59,951 - spice_netlist_parser.parser - INFO - Successfully parsed 1000 components, 0 models
2025-12-22 01:39:59,959 - spice_netlist_parser.parser - INFO - Parsing file: /mnt/d/proj/spice_netlist_parser/examples/1k.sp
2025-12-22 01:40:00,162 - spice_netlist_parser.parser - INFO - Successfully parsed 1000 components, 0 models
Report written to /mnt/d/proj/spice_netlist_parser/examples/1k.json

[0;32mRunning parser...[0m

2025-12-22 01:40:01,379 - spice_netlist_parser.parser - INFO - Parsing file: /mnt/d/proj/spice_netlist_parser/examples/1k.sp
2025-12-22 01:40:01,491 - spice_netlist_parser.parser - INFO - Successfully parsed 1000 components, 0 models
2025-12-22 01:40:01,492 - spice_netlist_parser.parser - INFO - Parsing file: /mnt/d/proj/spice_netlist_parser/examples/1k.sp
2025-12-22 01:40:01,592 - spice_netlist_parser.parser - INFO - Successfully parsed 1000 components, 0 models
Comparison report written to /mnt/d/proj/spice_netlist_parser/examples/1k.json
